<?xml version="1.0" encoding="UTF-8"?>
<!-- Generated by org.testng.reporters.JUnitXMLReporter -->
<testsuite ignored="0" hostname="DESKTOP-1A5LGLI" failures="1" tests="1" name="BVT Test" time="1.888" errors="0" timestamp="2023-10-09T12:48:14 IST">
  <testcase classname="testCase.MySecondTestUsingExcelDataProvider" name="LoginTest" time="0.0">
    <failure type="java.lang.RuntimeException" message="java.lang.NullPointerException: Cannot invoke &amp;quot;org.apache.poi.ss.usermodel.Row.getCell(int)&amp;quot; because the return value of &amp;quot;org.apache.poi.ss.usermodel.Sheet.getRow(int)&amp;quot; is null">
      <![CDATA[java.lang.RuntimeException: java.lang.NullPointerException: Cannot invoke "org.apache.poi.ss.usermodel.Row.getCell(int)" because the return value of "org.apache.poi.ss.usermodel.Sheet.getRow(int)" is null
at java.base/java.util.ArrayList.forEach(ArrayList.java:1511)
Caused by: java.lang.NullPointerException: Cannot invoke "org.apache.poi.ss.usermodel.Row.getCell(int)" because the return value of "org.apache.poi.ss.usermodel.Sheet.getRow(int)" is null
at utilities.ReadExcelFileData.getData(ReadExcelFileData.java:54)
... 25 more
... Removed 30 stack frames]]>
    </failure>
  </testcase> <!-- LoginTest -->
</testsuite> <!-- BVT Test -->
